***  Installation Started 03/14/19 17:10  ***
Title: CobolCode Installation
Source: D:\examples\Source.exe
Made Dir: C:\Program Files (x86)\examples
File Copy: C:\Program Files (x86)\examples\UNWISE.EXE
RegDB Key: Software\Microsoft\Windows\CurrentVersion\Uninstall\CobolCode
RegDB Val: CobolCode
RegDB Name: DisplayName
RegDB Root: 2
RegDB Key: Software\Microsoft\Windows\CurrentVersion\Uninstall\CobolCode
RegDB Val: C:\PROGRA~2\examples\UNWISE.EXE C:\PROGRA~2\examples\INSTALL.LOG
RegDB Name: UninstallString
RegDB Root: 2
File Copy: C:\Program Files (x86)\examples\Remex.cbl
File Copy: C:\Program Files (x86)\examples\Strng.cbl
File Copy: C:\Program Files (x86)\examples\Upper.cbl
File Copy: C:\Program Files (x86)\examples\Curdat.cbl
Made Dir: C:\Program Files (x86)\examples\Source
Made Dir: C:\Program Files (x86)\examples\Source\Bd01
File Copy: C:\Program Files (x86)\examples\Source\Bd01\Blbyvn01.cbl
File Copy: C:\Program Files (x86)\examples\Source\Bd01\Blbyvn02.cbl
File Copy: C:\Program Files (x86)\examples\Source\Bd01\Fdsales.cbl
File Copy: C:\Program Files (x86)\examples\Source\Bd01\Slsales.cbl
File Copy: C:\Program Files (x86)\examples\Source\Bd01\Slsgen01.cbl
File Copy: C:\Program Files (x86)\examples\Source\Bd01\Slsrpt01.cbl
Made Dir: C:\Program Files (x86)\examples\Source\Bd01exa
File Copy: C:\Program Files (x86)\examples\Source\Bd01exa\Slsrpt02.cbl
File Copy: C:\Program Files (x86)\examples\Source\Bd01exa\Slssum01.cbl
Made Dir: C:\Program Files (x86)\examples\Source\Bd02
File Copy: C:\Program Files (x86)\examples\Source\Bd02\Slsrpt03.cbl
File Copy: C:\Program Files (x86)\examples\Source\Bd02\Slsrpt04.cbl
File Copy: C:\Program Files (x86)\examples\Source\Bd02\Slsrpt05.cbl
File Copy: C:\Program Files (x86)\examples\Source\Bd02\Slsrpt06.cbl
File Copy: C:\Program Files (x86)\examples\Source\Bd02\Time02.cbl
File Copy: C:\Program Files (x86)\examples\Source\Bd02\Timedit.cbl
Made Dir: C:\Program Files (x86)\examples\Source\Bd03
File Copy: C:\Program Files (x86)\examples\Source\Bd03\Bilmnu04.cbl
File Copy: C:\Program Files (x86)\examples\Source\Bd03\Vndmnt06.cbl
Made Dir: C:\Program Files (x86)\examples\Source\Bd05
File Copy: C:\Program Files (x86)\examples\Source\Bd05\Curdat.cbl
File Copy: C:\Program Files (x86)\examples\Source\Bd05\Remex.cbl
File Copy: C:\Program Files (x86)\examples\Source\Bd05\Strng.cbl
File Copy: C:\Program Files (x86)\examples\Source\Bd05\Upper.cbl
Made Dir: C:\Program Files (x86)\examples\Source\Bd06
File Copy: C:\Program Files (x86)\examples\Source\Bd06\Dadd.cbl
File Copy: C:\Program Files (x86)\examples\Source\Bd06\Dow.cbl
Made Dir: C:\Program Files (x86)\examples\Source\Bd06exa
File Copy: C:\Program Files (x86)\examples\Source\Bd06exa\Ddif.cbl
Made Dir: C:\Program Files (x86)\examples\Source\Bd07
File Copy: C:\Program Files (x86)\examples\Source\Bd07\acctest1.cbl
File Copy: C:\Program Files (x86)\examples\Source\Bd07\acctest2.cbl
File Copy: C:\Program Files (x86)\examples\Source\Bd07\crdsmp.cbl
File Copy: C:\Program Files (x86)\examples\Source\Curdat.cbl
Made Dir: C:\Program Files (x86)\examples\Source\Day01
File Copy: C:\Program Files (x86)\examples\Source\Day01\Cobshl01.cbl
File Copy: C:\Program Files (x86)\examples\Source\Day01\Comment.cbl
File Copy: C:\Program Files (x86)\examples\Source\Day01\Hello.cbl
File Copy: C:\Program Files (x86)\examples\Source\Day01\Minimum.cbl
File Copy: C:\Program Files (x86)\examples\Source\Day01\Sentnces.cbl
Made Dir: C:\Program Files (x86)\examples\Source\Day01exa
File Copy: C:\Program Files (x86)\examples\Source\Day01exa\Bad01.cbl
File Copy: C:\Program Files (x86)\examples\Source\Day01exa\Bad01fix.cbl
File Copy: C:\Program Files (x86)\examples\Source\Day01exa\Bad02.cbl
File Copy: C:\Program Files (x86)\examples\Source\Day01exa\Bad03.cbl
File Copy: C:\Program Files (x86)\examples\Source\Day01exa\Byebye.cbl
File Copy: C:\Program Files (x86)\examples\Source\Day01exa\Iam.cbl
Made Dir: C:\Program Files (x86)\examples\Source\Day02
File Copy: C:\Program Files (x86)\examples\Source\Day02\Add01.cbl
File Copy: C:\Program Files (x86)\examples\Source\Day02\Add02.cbl
File Copy: C:\Program Files (x86)\examples\Source\Day02\Bad01.cbl
File Copy: C:\Program Files (x86)\examples\Source\Day02\Bad02.cbl
File Copy: C:\Program Files (x86)\examples\Source\Day02\Bad03.cbl
File Copy: C:\Program Files (x86)\examples\Source\Day02\Cobshl02.cbl
File Copy: C:\Program Files (x86)\examples\Source\Day02\Const.cbl
File Copy: C:\Program Files (x86)\examples\Source\Day02\Hello.cbl
File Copy: C:\Program Files (x86)\examples\Source\Day02\Hello02.cbl
File Copy: C:\Program Files (x86)\examples\Source\Day02\Hello03.cbl
File Copy: C:\Program Files (x86)\examples\Source\Day02\Helohelo.cbl
File Copy: C:\Program Files (x86)\examples\Source\Day02\Jack01.cbl
File Copy: C:\Program Files (x86)\examples\Source\Day02\Jack02.cbl
File Copy: C:\Program Files (x86)\examples\Source\Day02\Jack03.cbl
Made Dir: C:\Program Files (x86)\examples\Source\Day02exa
File Copy: C:\Program Files (x86)\examples\Source\Day02exa\Add03.cbl
File Copy: C:\Program Files (x86)\examples\Source\Day02exa\Eiger01.cbl
File Copy: C:\Program Files (x86)\examples\Source\Day02exa\Eiger02.cbl
File Copy: C:\Program Files (x86)\examples\Source\Day02exa\Yesorno.cbl
File Copy: C:\Program Files (x86)\examples\Source\Day02exa\Yntest01.cbl
Made Dir: C:\Program Files (x86)\examples\Source\Day03
File Copy: C:\Program Files (x86)\examples\Source\Day03\Add03.cbl
File Copy: C:\Program Files (x86)\examples\Source\Day03\Add04.cbl
File Copy: C:\Program Files (x86)\examples\Source\Day03\Add05.cbl
File Copy: C:\Program Files (x86)\examples\Source\Day03\Add06.cbl
File Copy: C:\Program Files (x86)\examples\Source\Day03\Cobshl02.cbl
File Copy: C:\Program Files (x86)\examples\Source\Day03\Eiger03.cbl
File Copy: C:\Program Files (x86)\examples\Source\Day03\Eiger04.cbl
File Copy: C:\Program Files (x86)\examples\Source\Day03\Eiger05.cbl
File Copy: C:\Program Files (x86)\examples\Source\Day03\Eiger06.cbl
File Copy: C:\Program Files (x86)\examples\Source\Day03\Hello04.cbl
File Copy: C:\Program Files (x86)\examples\Source\Day03\Hello05.cbl
Made Dir: C:\Program Files (x86)\examples\Source\Day03exa
File Copy: C:\Program Files (x86)\examples\Source\Day03exa\Add07.cbl
File Copy: C:\Program Files (x86)\examples\Source\Day03exa\Add08.cbl
File Copy: C:\Program Files (x86)\examples\Source\Day03exa\Add09.cbl
File Copy: C:\Program Files (x86)\examples\Source\Day03exa\Hello06.cbl
File Copy: C:\Program Files (x86)\examples\Source\Day03exa\Msg01.cbl
File Copy: C:\Program Files (x86)\examples\Source\Day03exa\Stcmnt05.cbl
Made Dir: C:\Program Files (x86)\examples\Source\Day04
File Copy: C:\Program Files (x86)\examples\Source\Day04\Menu01.cbl
File Copy: C:\Program Files (x86)\examples\Source\Day04\Range01.cbl
File Copy: C:\Program Files (x86)\examples\Source\Day04\Range02.cbl
File Copy: C:\Program Files (x86)\examples\Source\Day04\Wrdsrt01.cbl
File Copy: C:\Program Files (x86)\examples\Source\Day04\Wrdsrt03.cbl
File Copy: C:\Program Files (x86)\examples\Source\Day04\Yesno01.cbl
File Copy: C:\Program Files (x86)\examples\Source\Day04\Yesno02.cbl
File Copy: C:\Program Files (x86)\examples\Source\Day04\Yesno03.cbl
File Copy: C:\Program Files (x86)\examples\Source\Day04\Yesno04.cbl
File Copy: C:\Program Files (x86)\examples\Source\Day04\Yesno05.cbl
Made Dir: C:\Program Files (x86)\examples\Source\Day04exa
File Copy: C:\Program Files (x86)\examples\Source\Day04exa\Maybe01.cbl
File Copy: C:\Program Files (x86)\examples\Source\Day04exa\Maybe02.cbl
Made Dir: C:\Program Files (x86)\examples\Source\Day05
File Copy: C:\Program Files (x86)\examples\Source\Day05\Mult01.cbl
File Copy: C:\Program Files (x86)\examples\Source\Day05\Mult02.cbl
File Copy: C:\Program Files (x86)\examples\Source\Day05\Mult03.cbl
File Copy: C:\Program Files (x86)\examples\Source\Day05\Mult04.cbl
File Copy: C:\Program Files (x86)\examples\Source\Day05\Mult05.cbl
File Copy: C:\Program Files (x86)\examples\Source\Day05\Mult06.cbl
File Copy: C:\Program Files (x86)\examples\Source\Day05\Quit01.cbl
Made Dir: C:\Program Files (x86)\examples\Source\Day06
File Copy: C:\Program Files (x86)\examples\Source\Day06\Jack04.cbl
File Copy: C:\Program Files (x86)\examples\Source\Day06\Jack05.cbl
File Copy: C:\Program Files (x86)\examples\Source\Day06\Nums01.cbl
File Copy: C:\Program Files (x86)\examples\Source\Day06\Trunc01.cbl
File Copy: C:\Program Files (x86)\examples\Source\Day06\Trunc02.cbl
File Copy: C:\Program Files (x86)\examples\Source\Day06\Trunc03.cbl
Made Dir: C:\Program Files (x86)\examples\Source\Day07
File Copy: C:\Program Files (x86)\examples\Source\Day07\Cmpint01.cbl
File Copy: C:\Program Files (x86)\examples\Source\Day07\Cmpint02.cbl
File Copy: C:\Program Files (x86)\examples\Source\Day07\Mult07.cbl
File Copy: C:\Program Files (x86)\examples\Source\Day07\Mult08.cbl
Made Dir: C:\Program Files (x86)\examples\Source\Day07exa
File Copy: C:\Program Files (x86)\examples\Source\Day07exa\Slstax01.cbl
File Copy: C:\Program Files (x86)\examples\Source\Day07exa\Slstax02.cbl
Made Dir: C:\Program Files (x86)\examples\Source\Day08
File Copy: C:\Program Files (x86)\examples\Source\Day08\Cmpint03.cbl
File Copy: C:\Program Files (x86)\examples\Source\Day08\Cmpint04.cbl
File Copy: C:\Program Files (x86)\examples\Source\Day08\Jack06.cbl
File Copy: C:\Program Files (x86)\examples\Source\Day08\Jack07.cbl
File Copy: C:\Program Files (x86)\examples\Source\Day08\Menu02.cbl
File Copy: C:\Program Files (x86)\examples\Source\Day08\Menu03.cbl
Made Dir: C:\Program Files (x86)\examples\Source\Day08exa
File Copy: C:\Program Files (x86)\examples\Source\Day08exa\Mult09.cbl
Made Dir: C:\Program Files (x86)\examples\Source\Day09
File Copy: C:\Program Files (x86)\examples\Source\Day09\Phnadd01.cbl
File Copy: C:\Program Files (x86)\examples\Source\Day09\Phnlst01.cbl
Made Dir: C:\Program Files (x86)\examples\Source\Day09exa
File Copy: C:\Program Files (x86)\examples\Source\Day09exa\Mult09.cbl
File Copy: C:\Program Files (x86)\examples\Source\Day09exa\Phnadd02.cbl
File Copy: C:\Program Files (x86)\examples\Source\Day09exa\Phnlst02.cbl
Made Dir: C:\Program Files (x86)\examples\Source\Day10
File Copy: C:\Program Files (x86)\examples\Source\Day10\Phnadd03.cbl
File Copy: C:\Program Files (x86)\examples\Source\Day10\Phnbld01.cbl
File Copy: C:\Program Files (x86)\examples\Source\Day10\Phnprt01.cbl
File Copy: C:\Program Files (x86)\examples\Source\Day10\Phnprt02.cbl
Made Dir: C:\Program Files (x86)\examples\Source\Day10exa
File Copy: C:\Program Files (x86)\examples\Source\Day10exa\Phnprt03.cbl
Made Dir: C:\Program Files (x86)\examples\Source\Day11
File Copy: C:\Program Files (x86)\examples\Source\Day11\Vndbld01.cbl
File Copy: C:\Program Files (x86)\examples\Source\Day11\Vnddsp01.cbl
File Copy: C:\Program Files (x86)\examples\Source\Day11\Vnderr01.cbl
File Copy: C:\Program Files (x86)\examples\Source\Day11\Vndnew01.cbl
File Copy: C:\Program Files (x86)\examples\Source\Day11\Vndnew02.cbl
File Copy: C:\Program Files (x86)\examples\Source\Day11\Vndrec01.cbl
Made Dir: C:\Program Files (x86)\examples\Source\Day11exa
File Copy: C:\Program Files (x86)\examples\Source\Day11exa\Phnprt02.cbl
File Copy: C:\Program Files (x86)\examples\Source\Day11exa\Vnddsp01.cbl
Made Dir: C:\Program Files (x86)\examples\Source\Day12
File Copy: C:\Program Files (x86)\examples\Source\Day12\Fdbill01.cbl
File Copy: C:\Program Files (x86)\examples\Source\Day12\Fdchk01.cbl
File Copy: C:\Program Files (x86)\examples\Source\Day12\Fdvnd01.cbl
File Copy: C:\Program Files (x86)\examples\Source\Day12\Fdvnd02.cbl
File Copy: C:\Program Files (x86)\examples\Source\Day12\Slvnd01.cbl
File Copy: C:\Program Files (x86)\examples\Source\Day12\Vndbld01.cbl
File Copy: C:\Program Files (x86)\examples\Source\Day12\Vndbld02.cbl
File Copy: C:\Program Files (x86)\examples\Source\Day12\Vndchg01.cbl
File Copy: C:\Program Files (x86)\examples\Source\Day12\Vnddsp01.cbl
File Copy: C:\Program Files (x86)\examples\Source\Day12\Vnderr01.cbl
File Copy: C:\Program Files (x86)\examples\Source\Day12\Vndnew01.cbl
File Copy: C:\Program Files (x86)\examples\Source\Day12\Vndnew02.cbl
File Copy: C:\Program Files (x86)\examples\Source\Day12\Vndnew03.cbl
File Copy: C:\Program Files (x86)\examples\Source\Day12\Vndrec01.cbl
Made Dir: C:\Program Files (x86)\examples\Source\Day13
File Copy: C:\Program Files (x86)\examples\Source\Day13\Cobshl03.cbl
File Copy: C:\Program Files (x86)\examples\Source\Day13\Vndadd01.cbl
File Copy: C:\Program Files (x86)\examples\Source\Day13\Vnddel01.cbl
File Copy: C:\Program Files (x86)\examples\Source\Day13\Vndinq01.cbl
File Copy: C:\Program Files (x86)\examples\Source\Day13\Vndrpt01.cbl
Made Dir: C:\Program Files (x86)\examples\Source\Day13exa
File Copy: C:\Program Files (x86)\examples\Source\Day13exa\Vnddsp02.cbl
Made Dir: C:\Program Files (x86)\examples\Source\Day14
File Copy: C:\Program Files (x86)\examples\Source\Day14\Vndmnt01.cbl
Made Dir: C:\Program Files (x86)\examples\Source\Day14exa
File Copy: C:\Program Files (x86)\examples\Source\Day14exa\Vndmnt01.cbl
Made Dir: C:\Program Files (x86)\examples\Source\Day15
File Copy: C:\Program Files (x86)\examples\Source\Day15\Fdstate.cbl
File Copy: C:\Program Files (x86)\examples\Source\Day15\Fdvnd02.cbl
File Copy: C:\Program Files (x86)\examples\Source\Day15\Slstate.cbl
File Copy: C:\Program Files (x86)\examples\Source\Day15\Stcbld01.cbl
File Copy: C:\Program Files (x86)\examples\Source\Day15\Stcmnt01.cbl
File Copy: C:\Program Files (x86)\examples\Source\Day15\Stcmnt03.cbl
File Copy: C:\Program Files (x86)\examples\Source\Day15\Stcrpt01.cbl
File Copy: C:\Program Files (x86)\examples\Source\Day15\Upper01.cbl
Made Dir: C:\Program Files (x86)\examples\Source\Day16
File Copy: C:\Program Files (x86)\examples\Source\Day16\Fdstate.cbl
File Copy: C:\Program Files (x86)\examples\Source\Day16\Fdvnd03.cbl
File Copy: C:\Program Files (x86)\examples\Source\Day16\Sttbrp01.cbl
File Copy: C:\Program Files (x86)\examples\Source\Day16\Vndfix01.cbl
File Copy: C:\Program Files (x86)\examples\Source\Day16\Vndmnt02.cbl
File Copy: C:\Program Files (x86)\examples\Source\Day16\Vndrpt02.cbl
File Copy: C:\Program Files (x86)\examples\Source\Day16\Vndrpt03.cbl
File Copy: C:\Program Files (x86)\examples\Source\Day16\Wscase01.cbl
Made Dir: C:\Program Files (x86)\examples\Source\Day17
File Copy: C:\Program Files (x86)\examples\Source\Day17\Fdovnd01.cbl
File Copy: C:\Program Files (x86)\examples\Source\Day17\Fdstate.cbl
File Copy: C:\Program Files (x86)\examples\Source\Day17\Fdvnd01.cbl
File Copy: C:\Program Files (x86)\examples\Source\Day17\Fdvnd04.cbl
File Copy: C:\Program Files (x86)\examples\Source\Day17\Newvnd01.cbl
File Copy: C:\Program Files (x86)\examples\Source\Day17\Slovnd01.cbl
File Copy: C:\Program Files (x86)\examples\Source\Day17\Slstate.cbl
File Copy: C:\Program Files (x86)\examples\Source\Day17\Slvnd02.cbl
File Copy: C:\Program Files (x86)\examples\Source\Day17\Vnbynm01.cbl
File Copy: C:\Program Files (x86)\examples\Source\Day17\Vndmnt03.cbl
File Copy: C:\Program Files (x86)\examples\Source\Day17\Vninnm01.cbl
File Copy: C:\Program Files (x86)\examples\Source\Day17\Vninnm02.cbl
Made Dir: C:\Program Files (x86)\examples\Source\Day18
File Copy: C:\Program Files (x86)\examples\Source\Day18\Bilmnu01.cbl
File Copy: C:\Program Files (x86)\examples\Source\Day18\Cobshl04.cbl
File Copy: C:\Program Files (x86)\examples\Source\Day18\Stcmnt04.cbl
File Copy: C:\Program Files (x86)\examples\Source\Day18\Vnbynm02.cbl
File Copy: C:\Program Files (x86)\examples\Source\Day18\Vndmnt04.cbl
File Copy: C:\Program Files (x86)\examples\Source\Day18\Vndrpt04.cbl
Made Dir: C:\Program Files (x86)\examples\Source\Day18exa
File Copy: C:\Program Files (x86)\examples\Source\Day18exa\Bilmnu02.cbl
File Copy: C:\Program Files (x86)\examples\Source\Day18exa\Vnddsp03.cbl
File Copy: C:\Program Files (x86)\examples\Source\Day18exa\Vndmnt05.cbl
Made Dir: C:\Program Files (x86)\examples\Source\Day19
File Copy: C:\Program Files (x86)\examples\Source\Day19\Ctlbld01.cbl
File Copy: C:\Program Files (x86)\examples\Source\Day19\Ctlmnt01.cbl
File Copy: C:\Program Files (x86)\examples\Source\Day19\Date01.cbl
File Copy: C:\Program Files (x86)\examples\Source\Day19\Date02.cbl
File Copy: C:\Program Files (x86)\examples\Source\Day19\Date04.cbl
File Copy: C:\Program Files (x86)\examples\Source\Day19\Date05.cbl
File Copy: C:\Program Files (x86)\examples\Source\Day19\Date06.cbl
File Copy: C:\Program Files (x86)\examples\Source\Day19\Fdcontrl.cbl
File Copy: C:\Program Files (x86)\examples\Source\Day19\Fdvouch.cbl
File Copy: C:\Program Files (x86)\examples\Source\Day19\Pldate.cbl
File Copy: C:\Program Files (x86)\examples\Source\Day19\Slcontrl.cbl
File Copy: C:\Program Files (x86)\examples\Source\Day19\Slvouch.cbl
File Copy: C:\Program Files (x86)\examples\Source\Day19\Vchbld01.cbl
Made Dir: C:\Program Files (x86)\examples\Source\Day19exa
File Copy: C:\Program Files (x86)\examples\Source\Day19exa\Pltime01.cbl
File Copy: C:\Program Files (x86)\examples\Source\Day19exa\Time01.cbl
File Copy: C:\Program Files (x86)\examples\Source\Day19exa\Wstime01.cbl
Made Dir: C:\Program Files (x86)\examples\Source\Day20
File Copy: C:\Program Files (x86)\examples\Source\Day20\Vchmnt01.cbl
File Copy: C:\Program Files (x86)\examples\Source\Day20\Vchpay01.cbl
File Copy: C:\Program Files (x86)\examples\Source\Day20\Vchpic01.cbl
Made Dir: C:\Program Files (x86)\examples\Source\Day20exa
File Copy: C:\Program Files (x86)\examples\Source\Day20exa\Vchpay02.cbl
Made Dir: C:\Program Files (x86)\examples\Source\Day21
File Copy: C:\Program Files (x86)\examples\Source\Day21\Bilmnu03.cbl
File Copy: C:\Program Files (x86)\examples\Source\Day21\Bilrpt01.cbl
File Copy: C:\Program Files (x86)\examples\Source\Day21\Bilrpt02.cbl
File Copy: C:\Program Files (x86)\examples\Source\Day21\Bilrpt03.cbl
File Copy: C:\Program Files (x86)\examples\Source\Day21\Cshreq01.cbl
File Copy: C:\Program Files (x86)\examples\Source\Day21\Vchclr01.cbl
File Copy: C:\Program Files (x86)\examples\Source\Day21\Vchmnu01.cbl
File Copy: C:\Program Files (x86)\examples\Source\Day21\Vchsel01.cbl
Made Dir: C:\Program Files (x86)\examples\Source\Day21exa
File Copy: C:\Program Files (x86)\examples\Source\Day21exa\Deduct01.cbl
File Copy: C:\Program Files (x86)\examples\Source\Day21exa\Vchpay02.cbl
File Copy: C:\Program Files (x86)\examples\Source\Remex.cbl
File Copy: C:\Program Files (x86)\examples\Source\Strng.cbl
File Copy: C:\Program Files (x86)\examples\Source\Upper.cbl
Made Dir: C:\Program Files (x86)\examples\sourceac
Made Dir: C:\Program Files (x86)\examples\sourceac\Bd01
File Copy: C:\Program Files (x86)\examples\sourceac\Bd01\Blbyvn01.cbl
File Copy: C:\Program Files (x86)\examples\sourceac\Bd01\Blbyvn02.cbl
File Copy: C:\Program Files (x86)\examples\sourceac\Bd01\Fdsales.cbl
File Copy: C:\Program Files (x86)\examples\sourceac\Bd01\Slsales.cbl
File Copy: C:\Program Files (x86)\examples\sourceac\Bd01\Slsgen01.cbl
File Copy: C:\Program Files (x86)\examples\sourceac\Bd01\Slsrpt01.cbl
Made Dir: C:\Program Files (x86)\examples\sourceac\Bd01exa
File Copy: C:\Program Files (x86)\examples\sourceac\Bd01exa\Slsrpt02.cbl
File Copy: C:\Program Files (x86)\examples\sourceac\Bd01exa\Slssum01.cbl
Made Dir: C:\Program Files (x86)\examples\sourceac\Bd02
File Copy: C:\Program Files (x86)\examples\sourceac\Bd02\Slsrpt03.cbl
File Copy: C:\Program Files (x86)\examples\sourceac\Bd02\Slsrpt04.cbl
File Copy: C:\Program Files (x86)\examples\sourceac\Bd02\Slsrpt05.cbl
File Copy: C:\Program Files (x86)\examples\sourceac\Bd02\Slsrpt06.cbl
File Copy: C:\Program Files (x86)\examples\sourceac\Bd02\Time02.cbl
File Copy: C:\Program Files (x86)\examples\sourceac\Bd02\Timedit.cbl
Made Dir: C:\Program Files (x86)\examples\sourceac\Bd02exa
File Copy: C:\Program Files (x86)\examples\sourceac\Bd02exa\Yesorno.cbl
File Copy: C:\Program Files (x86)\examples\sourceac\Bd02exa\Yntest01.cbl
Made Dir: C:\Program Files (x86)\examples\sourceac\Bd03
File Copy: C:\Program Files (x86)\examples\sourceac\Bd03\Bilmnu04.cbl
File Copy: C:\Program Files (x86)\examples\sourceac\Bd03\Vndmnt06.cbl
Made Dir: C:\Program Files (x86)\examples\sourceac\Bd03exa
File Copy: C:\Program Files (x86)\examples\sourceac\Bd03exa\Stcmnt05.cbl
Made Dir: C:\Program Files (x86)\examples\sourceac\Bd05
File Copy: C:\Program Files (x86)\examples\sourceac\Bd05\Curdat.cbl
File Copy: C:\Program Files (x86)\examples\sourceac\Bd05\Remex.cbl
File Copy: C:\Program Files (x86)\examples\sourceac\Bd05\Strng.cbl
File Copy: C:\Program Files (x86)\examples\sourceac\Bd05\Upper.cbl
Made Dir: C:\Program Files (x86)\examples\sourceac\Bd05exa
File Copy: C:\Program Files (x86)\examples\sourceac\Bd05exa\Ddif.cbl
Made Dir: C:\Program Files (x86)\examples\sourceac\Bd06
File Copy: C:\Program Files (x86)\examples\sourceac\Bd06\Dadd.cbl
File Copy: C:\Program Files (x86)\examples\sourceac\Bd06\Dow.cbl
Made Dir: C:\Program Files (x86)\examples\sourceac\Day01
File Copy: C:\Program Files (x86)\examples\sourceac\Day01\Cobshl01.cbl
File Copy: C:\Program Files (x86)\examples\sourceac\Day01\Comment.cbl
File Copy: C:\Program Files (x86)\examples\sourceac\Day01\Hello.cbl
File Copy: C:\Program Files (x86)\examples\sourceac\Day01\Minimum.cbl
File Copy: C:\Program Files (x86)\examples\sourceac\Day01\Sentnces.cbl
Made Dir: C:\Program Files (x86)\examples\sourceac\Day01exa
File Copy: C:\Program Files (x86)\examples\sourceac\Day01exa\Bad01.cbl
File Copy: C:\Program Files (x86)\examples\sourceac\Day01exa\Bad01fix.cbl
File Copy: C:\Program Files (x86)\examples\sourceac\Day01exa\Bad02.cbl
File Copy: C:\Program Files (x86)\examples\sourceac\Day01exa\Bad03.cbl
File Copy: C:\Program Files (x86)\examples\sourceac\Day01exa\Byebye.cbl
File Copy: C:\Program Files (x86)\examples\sourceac\Day01exa\Iam.cbl
Made Dir: C:\Program Files (x86)\examples\sourceac\Day02
File Copy: C:\Program Files (x86)\examples\sourceac\Day02\Add01.cbl
File Copy: C:\Program Files (x86)\examples\sourceac\Day02\Add02.cbl
File Copy: C:\Program Files (x86)\examples\sourceac\Day02\Bad01.cbl
File Copy: C:\Program Files (x86)\examples\sourceac\Day02\Bad02.cbl
File Copy: C:\Program Files (x86)\examples\sourceac\Day02\Bad03.cbl
File Copy: C:\Program Files (x86)\examples\sourceac\Day02\Const.cbl
File Copy: C:\Program Files (x86)\examples\sourceac\Day02\Hello.cbl
File Copy: C:\Program Files (x86)\examples\sourceac\Day02\Hello02.cbl
File Copy: C:\Program Files (x86)\examples\sourceac\Day02\Hello03.cbl
File Copy: C:\Program Files (x86)\examples\sourceac\Day02\Helohelo.cbl
File Copy: C:\Program Files (x86)\examples\sourceac\Day02\Jack01.cbl
File Copy: C:\Program Files (x86)\examples\sourceac\Day02\Jack02.cbl
File Copy: C:\Program Files (x86)\examples\sourceac\Day02\Jack03.cbl
Made Dir: C:\Program Files (x86)\examples\sourceac\Day02exa
File Copy: C:\Program Files (x86)\examples\sourceac\Day02exa\Add03.cbl
File Copy: C:\Program Files (x86)\examples\sourceac\Day02exa\Eiger01.cbl
File Copy: C:\Program Files (x86)\examples\sourceac\Day02exa\Eiger02.cbl
Made Dir: C:\Program Files (x86)\examples\sourceac\Day03
File Copy: C:\Program Files (x86)\examples\sourceac\Day03\Add03.cbl
File Copy: C:\Program Files (x86)\examples\sourceac\Day03\Add04.cbl
File Copy: C:\Program Files (x86)\examples\sourceac\Day03\Add05.cbl
File Copy: C:\Program Files (x86)\examples\sourceac\Day03\Add06.cbl
File Copy: C:\Program Files (x86)\examples\sourceac\Day03\Cobshl02.cbl
File Copy: C:\Program Files (x86)\examples\sourceac\Day03\Eiger03.cbl
File Copy: C:\Program Files (x86)\examples\sourceac\Day03\Eiger04.cbl
File Copy: C:\Program Files (x86)\examples\sourceac\Day03\Eiger05.cbl
File Copy: C:\Program Files (x86)\examples\sourceac\Day03\Eiger06.cbl
File Copy: C:\Program Files (x86)\examples\sourceac\Day03\Hello04.cbl
File Copy: C:\Program Files (x86)\examples\sourceac\Day03\Hello05.cbl
Made Dir: C:\Program Files (x86)\examples\sourceac\Day03exa
File Copy: C:\Program Files (x86)\examples\sourceac\Day03exa\Add07.cbl
File Copy: C:\Program Files (x86)\examples\sourceac\Day03exa\Add08.cbl
File Copy: C:\Program Files (x86)\examples\sourceac\Day03exa\Add09.cbl
File Copy: C:\Program Files (x86)\examples\sourceac\Day03exa\Hello06.cbl
File Copy: C:\Program Files (x86)\examples\sourceac\Day03exa\Msg01.cbl
Made Dir: C:\Program Files (x86)\examples\sourceac\Day04
File Copy: C:\Program Files (x86)\examples\sourceac\Day04\Menu01.cbl
File Copy: C:\Program Files (x86)\examples\sourceac\Day04\Range01.cbl
File Copy: C:\Program Files (x86)\examples\sourceac\Day04\Range02.cbl
File Copy: C:\Program Files (x86)\examples\sourceac\Day04\Wrdsrt01.cbl
File Copy: C:\Program Files (x86)\examples\sourceac\Day04\Wrdsrt03.cbl
File Copy: C:\Program Files (x86)\examples\sourceac\Day04\Yesno01.cbl
File Copy: C:\Program Files (x86)\examples\sourceac\Day04\Yesno02.cbl
File Copy: C:\Program Files (x86)\examples\sourceac\Day04\Yesno03.cbl
File Copy: C:\Program Files (x86)\examples\sourceac\Day04\Yesno04.cbl
File Copy: C:\Program Files (x86)\examples\sourceac\Day04\Yesno05.cbl
Made Dir: C:\Program Files (x86)\examples\sourceac\Day04exa
File Copy: C:\Program Files (x86)\examples\sourceac\Day04exa\Maybe01.cbl
File Copy: C:\Program Files (x86)\examples\sourceac\Day04exa\Maybe02.cbl
Made Dir: C:\Program Files (x86)\examples\sourceac\Day05
File Copy: C:\Program Files (x86)\examples\sourceac\Day05\Mult01.cbl
File Copy: C:\Program Files (x86)\examples\sourceac\Day05\Mult02.cbl
File Copy: C:\Program Files (x86)\examples\sourceac\Day05\Mult03.cbl
File Copy: C:\Program Files (x86)\examples\sourceac\Day05\Mult04.cbl
File Copy: C:\Program Files (x86)\examples\sourceac\Day05\Mult05.cbl
File Copy: C:\Program Files (x86)\examples\sourceac\Day05\Mult06.cbl
File Copy: C:\Program Files (x86)\examples\sourceac\Day05\Quit01.cbl
Made Dir: C:\Program Files (x86)\examples\sourceac\Day06
File Copy: C:\Program Files (x86)\examples\sourceac\Day06\Jack04.cbl
File Copy: C:\Program Files (x86)\examples\sourceac\Day06\Jack05.cbl
File Copy: C:\Program Files (x86)\examples\sourceac\Day06\Nums01.cbl
File Copy: C:\Program Files (x86)\examples\sourceac\Day06\Trunc01.cbl
File Copy: C:\Program Files (x86)\examples\sourceac\Day06\Trunc02.cbl
File Copy: C:\Program Files (x86)\examples\sourceac\Day06\Trunc03.cbl
Made Dir: C:\Program Files (x86)\examples\sourceac\Day07
File Copy: C:\Program Files (x86)\examples\sourceac\Day07\Cmpint01.cbl
File Copy: C:\Program Files (x86)\examples\sourceac\Day07\Cmpint02.cbl
File Copy: C:\Program Files (x86)\examples\sourceac\Day07\Mult07.cbl
File Copy: C:\Program Files (x86)\examples\sourceac\Day07\Mult08.cbl
Made Dir: C:\Program Files (x86)\examples\sourceac\Day07exa
File Copy: C:\Program Files (x86)\examples\sourceac\Day07exa\Slstax01.cbl
File Copy: C:\Program Files (x86)\examples\sourceac\Day07exa\Slstax02.cbl
Made Dir: C:\Program Files (x86)\examples\sourceac\Day08
File Copy: C:\Program Files (x86)\examples\sourceac\Day08\Cmpint03.cbl
File Copy: C:\Program Files (x86)\examples\sourceac\Day08\Cmpint04.cbl
File Copy: C:\Program Files (x86)\examples\sourceac\Day08\Jack06.cbl
File Copy: C:\Program Files (x86)\examples\sourceac\Day08\Jack07.cbl
File Copy: C:\Program Files (x86)\examples\sourceac\Day08\Menu02.cbl
File Copy: C:\Program Files (x86)\examples\sourceac\Day08\Menu03.cbl
Made Dir: C:\Program Files (x86)\examples\sourceac\Day08exa
File Copy: C:\Program Files (x86)\examples\sourceac\Day08exa\Mult09.cbl
Made Dir: C:\Program Files (x86)\examples\sourceac\Day09
File Copy: C:\Program Files (x86)\examples\sourceac\Day09\Phnadd01.cbl
File Copy: C:\Program Files (x86)\examples\sourceac\Day09\Phnlst01.cbl
Made Dir: C:\Program Files (x86)\examples\sourceac\Day09exa
File Copy: C:\Program Files (x86)\examples\sourceac\Day09exa\Mult09.cbl
File Copy: C:\Program Files (x86)\examples\sourceac\Day09exa\Phnadd02.cbl
File Copy: C:\Program Files (x86)\examples\sourceac\Day09exa\Phnlst02.cbl
Made Dir: C:\Program Files (x86)\examples\sourceac\Day10
File Copy: C:\Program Files (x86)\examples\sourceac\Day10\Phnadd03.cbl
File Copy: C:\Program Files (x86)\examples\sourceac\Day10\Phnbld01.cbl
File Copy: C:\Program Files (x86)\examples\sourceac\Day10\Phnprt01.cbl
File Copy: C:\Program Files (x86)\examples\sourceac\Day10\Phnprt02.cbl
Made Dir: C:\Program Files (x86)\examples\sourceac\Day10exa
File Copy: C:\Program Files (x86)\examples\sourceac\Day10exa\Phnprt03.cbl
Made Dir: C:\Program Files (x86)\examples\sourceac\Day11
File Copy: C:\Program Files (x86)\examples\sourceac\Day11\Vndbld01.cbl
File Copy: C:\Program Files (x86)\examples\sourceac\Day11\Vnddsp01.cbl
File Copy: C:\Program Files (x86)\examples\sourceac\Day11\Vnderr01.cbl
File Copy: C:\Program Files (x86)\examples\sourceac\Day11\Vndnew01.cbl
File Copy: C:\Program Files (x86)\examples\sourceac\Day11\Vndnew02.cbl
File Copy: C:\Program Files (x86)\examples\sourceac\Day11\Vndrec01.cbl
Made Dir: C:\Program Files (x86)\examples\sourceac\Day11exa
File Copy: C:\Program Files (x86)\examples\sourceac\Day11exa\Phnprt02.cbl
File Copy: C:\Program Files (x86)\examples\sourceac\Day11exa\Vnddsp01.cbl
Made Dir: C:\Program Files (x86)\examples\sourceac\Day12
File Copy: C:\Program Files (x86)\examples\sourceac\Day12\Fdbill01.cbl
File Copy: C:\Program Files (x86)\examples\sourceac\Day12\Fdchk01.cbl
File Copy: C:\Program Files (x86)\examples\sourceac\Day12\Fdvnd01.cbl
File Copy: C:\Program Files (x86)\examples\sourceac\Day12\Fdvnd02.cbl
File Copy: C:\Program Files (x86)\examples\sourceac\Day12\Slvnd01.cbl
File Copy: C:\Program Files (x86)\examples\sourceac\Day12\Vndbld01.cbl
File Copy: C:\Program Files (x86)\examples\sourceac\Day12\Vndbld02.cbl
File Copy: C:\Program Files (x86)\examples\sourceac\Day12\Vndchg01.cbl
File Copy: C:\Program Files (x86)\examples\sourceac\Day12\Vnddsp01.cbl
File Copy: C:\Program Files (x86)\examples\sourceac\Day12\Vnderr01.cbl
File Copy: C:\Program Files (x86)\examples\sourceac\Day12\Vndnew01.cbl
File Copy: C:\Program Files (x86)\examples\sourceac\Day12\Vndnew02.cbl
File Copy: C:\Program Files (x86)\examples\sourceac\Day12\Vndnew03.cbl
File Copy: C:\Program Files (x86)\examples\sourceac\Day12\Vndrec01.cbl
Made Dir: C:\Program Files (x86)\examples\sourceac\Day13
File Copy: C:\Program Files (x86)\examples\sourceac\Day13\Cobshl03.cbl
File Copy: C:\Program Files (x86)\examples\sourceac\Day13\Vndadd01.cbl
File Copy: C:\Program Files (x86)\examples\sourceac\Day13\Vnddel01.cbl
File Copy: C:\Program Files (x86)\examples\sourceac\Day13\Vndinq01.cbl
File Copy: C:\Program Files (x86)\examples\sourceac\Day13\Vndrpt01.cbl
Made Dir: C:\Program Files (x86)\examples\sourceac\Day13exa
File Copy: C:\Program Files (x86)\examples\sourceac\Day13exa\Vnddsp02.cbl
Made Dir: C:\Program Files (x86)\examples\sourceac\Day14
File Copy: C:\Program Files (x86)\examples\sourceac\Day14\Vndmnt01.cbl
Made Dir: C:\Program Files (x86)\examples\sourceac\Day14exa
File Copy: C:\Program Files (x86)\examples\sourceac\Day14exa\Vndmnt01.cbl
Made Dir: C:\Program Files (x86)\examples\sourceac\Day15
File Copy: C:\Program Files (x86)\examples\sourceac\Day15\Fdstate.cbl
File Copy: C:\Program Files (x86)\examples\sourceac\Day15\Fdvnd02.cbl
File Copy: C:\Program Files (x86)\examples\sourceac\Day15\Slstate.cbl
File Copy: C:\Program Files (x86)\examples\sourceac\Day15\Stcbld01.cbl
File Copy: C:\Program Files (x86)\examples\sourceac\Day15\Stcmnt01.cbl
File Copy: C:\Program Files (x86)\examples\sourceac\Day15\Stcmnt03.cbl
File Copy: C:\Program Files (x86)\examples\sourceac\Day15\Stcrpt01.cbl
File Copy: C:\Program Files (x86)\examples\sourceac\Day15\Upper01.cbl
Made Dir: C:\Program Files (x86)\examples\sourceac\Day16
File Copy: C:\Program Files (x86)\examples\sourceac\Day16\Fdstate.cbl
File Copy: C:\Program Files (x86)\examples\sourceac\Day16\Fdvnd03.cbl
File Copy: C:\Program Files (x86)\examples\sourceac\Day16\Sttbrp01.cbl
File Copy: C:\Program Files (x86)\examples\sourceac\Day16\Vndfix01.cbl
File Copy: C:\Program Files (x86)\examples\sourceac\Day16\Vndmnt02.cbl
File Copy: C:\Program Files (x86)\examples\sourceac\Day16\Vndrpt02.cbl
File Copy: C:\Program Files (x86)\examples\sourceac\Day16\Vndrpt03.cbl
File Copy: C:\Program Files (x86)\examples\sourceac\Day16\Wscase01.cbl
Made Dir: C:\Program Files (x86)\examples\sourceac\Day17
File Copy: C:\Program Files (x86)\examples\sourceac\Day17\Fdovnd01.cbl
File Copy: C:\Program Files (x86)\examples\sourceac\Day17\Fdstate.cbl
File Copy: C:\Program Files (x86)\examples\sourceac\Day17\Fdvnd01.cbl
File Copy: C:\Program Files (x86)\examples\sourceac\Day17\Fdvnd04.cbl
File Copy: C:\Program Files (x86)\examples\sourceac\Day17\Newvnd01.cbl
File Copy: C:\Program Files (x86)\examples\sourceac\Day17\Slovnd01.cbl
File Copy: C:\Program Files (x86)\examples\sourceac\Day17\Slstate.cbl
File Copy: C:\Program Files (x86)\examples\sourceac\Day17\Slvnd02.cbl
File Copy: C:\Program Files (x86)\examples\sourceac\Day17\Vnbynm01.cbl
File Copy: C:\Program Files (x86)\examples\sourceac\Day17\Vndmnt03.cbl
File Copy: C:\Program Files (x86)\examples\sourceac\Day17\Vninnm01.cbl
File Copy: C:\Program Files (x86)\examples\sourceac\Day17\Vninnm02.cbl
Made Dir: C:\Program Files (x86)\examples\sourceac\Day18
File Copy: C:\Program Files (x86)\examples\sourceac\Day18\Bilmnu01.cbl
File Copy: C:\Program Files (x86)\examples\sourceac\Day18\Cobshl04.cbl
File Copy: C:\Program Files (x86)\examples\sourceac\Day18\Stcmnt04.cbl
File Copy: C:\Program Files (x86)\examples\sourceac\Day18\Vnbynm02.cbl
File Copy: C:\Program Files (x86)\examples\sourceac\Day18\Vndmnt04.cbl
File Copy: C:\Program Files (x86)\examples\sourceac\Day18\Vndrpt04.cbl
Made Dir: C:\Program Files (x86)\examples\sourceac\Day18exa
File Copy: C:\Program Files (x86)\examples\sourceac\Day18exa\Bilmnu02.cbl
File Copy: C:\Program Files (x86)\examples\sourceac\Day18exa\Vnddsp03.cbl
File Copy: C:\Program Files (x86)\examples\sourceac\Day18exa\Vndmnt05.cbl
Made Dir: C:\Program Files (x86)\examples\sourceac\Day19
File Copy: C:\Program Files (x86)\examples\sourceac\Day19\Ctlbld01.cbl
File Copy: C:\Program Files (x86)\examples\sourceac\Day19\Ctlmnt01.cbl
File Copy: C:\Program Files (x86)\examples\sourceac\Day19\Date01.cbl
File Copy: C:\Program Files (x86)\examples\sourceac\Day19\Date02.cbl
File Copy: C:\Program Files (x86)\examples\sourceac\Day19\Date04.cbl
File Copy: C:\Program Files (x86)\examples\sourceac\Day19\Date05.cbl
File Copy: C:\Program Files (x86)\examples\sourceac\Day19\Date06.cbl
File Copy: C:\Program Files (x86)\examples\sourceac\Day19\Fdcontrl.cbl
File Copy: C:\Program Files (x86)\examples\sourceac\Day19\Fdvouch.cbl
File Copy: C:\Program Files (x86)\examples\sourceac\Day19\Pldate.cbl
File Copy: C:\Program Files (x86)\examples\sourceac\Day19\Slcontrl.cbl
File Copy: C:\Program Files (x86)\examples\sourceac\Day19\Slvouch.cbl
File Copy: C:\Program Files (x86)\examples\sourceac\Day19\Vchbld01.cbl
Made Dir: C:\Program Files (x86)\examples\sourceac\Day19exa
File Copy: C:\Program Files (x86)\examples\sourceac\Day19exa\Pltime01.cbl
File Copy: C:\Program Files (x86)\examples\sourceac\Day19exa\Time01.cbl
File Copy: C:\Program Files (x86)\examples\sourceac\Day19exa\Wstime01.cbl
Made Dir: C:\Program Files (x86)\examples\sourceac\Day20
File Copy: C:\Program Files (x86)\examples\sourceac\Day20\Vchmnt01.cbl
File Copy: C:\Program Files (x86)\examples\sourceac\Day20\Vchpay01.cbl
File Copy: C:\Program Files (x86)\examples\sourceac\Day20\Vchpic01.cbl
Made Dir: C:\Program Files (x86)\examples\sourceac\Day20exa
File Copy: C:\Program Files (x86)\examples\sourceac\Day20exa\Vchpay02.cbl
Made Dir: C:\Program Files (x86)\examples\sourceac\Day21
File Copy: C:\Program Files (x86)\examples\sourceac\Day21\Bilmnu03.cbl
File Copy: C:\Program Files (x86)\examples\sourceac\Day21\Bilrpt01.cbl
File Copy: C:\Program Files (x86)\examples\sourceac\Day21\Bilrpt02.cbl
File Copy: C:\Program Files (x86)\examples\sourceac\Day21\Bilrpt03.cbl
File Copy: C:\Program Files (x86)\examples\sourceac\Day21\Cshreq01.cbl
File Copy: C:\Program Files (x86)\examples\sourceac\Day21\Vchclr01.cbl
File Copy: C:\Program Files (x86)\examples\sourceac\Day21\Vchmnu01.cbl
File Copy: C:\Program Files (x86)\examples\sourceac\Day21\Vchsel01.cbl
Made Dir: C:\Program Files (x86)\examples\sourceac\Day21exa
File Copy: C:\Program Files (x86)\examples\sourceac\Day21exa\Deduct01.cbl
File Copy: C:\Program Files (x86)\examples\sourceac\Day21exa\Vchpay02.cbl
Made Dir: C:\Program Files (x86)\examples\Src
File Copy: C:\Program Files (x86)\examples\Src\Add01.cbl
File Copy: C:\Program Files (x86)\examples\Src\Add02.cbl
File Copy: C:\Program Files (x86)\examples\Src\Add04.cbl
File Copy: C:\Program Files (x86)\examples\Src\Add05.cbl
File Copy: C:\Program Files (x86)\examples\Src\Add06.cbl
File Copy: C:\Program Files (x86)\examples\Src\Add07.cbl
File Copy: C:\Program Files (x86)\examples\Src\Bad01.cbl
File Copy: C:\Program Files (x86)\examples\Src\Bad02.cbl
File Copy: C:\Program Files (x86)\examples\Src\Bad03.cbl
File Copy: C:\Program Files (x86)\examples\Src\Badsrt.cbl
File Copy: C:\Program Files (x86)\examples\Src\Bilmnu01.cbl
File Copy: C:\Program Files (x86)\examples\Src\Bilmnu03.cbl
File Copy: C:\Program Files (x86)\examples\Src\Bilmnu04.cbl
File Copy: C:\Program Files (x86)\examples\Src\Bilrpt01.cbl
File Copy: C:\Program Files (x86)\examples\Src\Bilrpt02.cbl
File Copy: C:\Program Files (x86)\examples\Src\Bilrpt03.cbl
File Copy: C:\Program Files (x86)\examples\Src\Blbyvn01.cbl
File Copy: C:\Program Files (x86)\examples\Src\Blbyvn02.cbl
File Copy: C:\Program Files (x86)\examples\Src\Byebye.cbl
File Copy: C:\Program Files (x86)\examples\Src\Cmpint01.cbl
File Copy: C:\Program Files (x86)\examples\Src\Cmpint02.cbl
File Copy: C:\Program Files (x86)\examples\Src\Cmpint03.cbl
File Copy: C:\Program Files (x86)\examples\Src\Cmpint04.cbl
File Copy: C:\Program Files (x86)\examples\Src\Cobshl01.cbl
File Copy: C:\Program Files (x86)\examples\Src\Cobshl02.cbl
File Copy: C:\Program Files (x86)\examples\Src\Cobshl03.cbl
File Copy: C:\Program Files (x86)\examples\Src\Cobshl04.cbl
File Copy: C:\Program Files (x86)\examples\Src\Comment.cbl
File Copy: C:\Program Files (x86)\examples\Src\Const.cbl
File Copy: C:\Program Files (x86)\examples\Src\Cshreq01.cbl
File Copy: C:\Program Files (x86)\examples\Src\Ctlbld01.cbl
File Copy: C:\Program Files (x86)\examples\Src\Ctlmnt01.cbl
File Copy: C:\Program Files (x86)\examples\Src\Curdat.cbl
File Copy: C:\Program Files (x86)\examples\Src\Dadd.cbl
File Copy: C:\Program Files (x86)\examples\Src\Date01.cbl
File Copy: C:\Program Files (x86)\examples\Src\Date02.cbl
File Copy: C:\Program Files (x86)\examples\Src\Date03.cbl
File Copy: C:\Program Files (x86)\examples\Src\Date04.cbl
File Copy: C:\Program Files (x86)\examples\Src\Date05.cbl
File Copy: C:\Program Files (x86)\examples\Src\Date06.cbl
File Copy: C:\Program Files (x86)\examples\Src\Ddif2.cbl
File Copy: C:\Program Files (x86)\examples\Src\Div.cbl
File Copy: C:\Program Files (x86)\examples\Src\Dow.cbl
File Copy: C:\Program Files (x86)\examples\Src\Eiger03.cbl
File Copy: C:\Program Files (x86)\examples\Src\Eiger04.cbl
File Copy: C:\Program Files (x86)\examples\Src\Eiger05.cbl
File Copy: C:\Program Files (x86)\examples\Src\Eiger06.cbl
File Copy: C:\Program Files (x86)\examples\Src\Fdbill01.cbl
File Copy: C:\Program Files (x86)\examples\Src\Fdchk01.cbl
File Copy: C:\Program Files (x86)\examples\Src\Fdcontrl.cbl
File Copy: C:\Program Files (x86)\examples\Src\Fdovnd01.cbl
File Copy: C:\Program Files (x86)\examples\Src\Fdsales.cbl
File Copy: C:\Program Files (x86)\examples\Src\Fdstate.cbl
File Copy: C:\Program Files (x86)\examples\Src\Fdvnd01.cbl
File Copy: C:\Program Files (x86)\examples\Src\Fdvnd02.cbl
File Copy: C:\Program Files (x86)\examples\Src\Fdvnd03.cbl
File Copy: C:\Program Files (x86)\examples\Src\Fdvnd04.cbl
File Copy: C:\Program Files (x86)\examples\Src\Fdvouch.cbl
File Copy: C:\Program Files (x86)\examples\Src\Hello.cbl
File Copy: C:\Program Files (x86)\examples\Src\Hello02.cbl
File Copy: C:\Program Files (x86)\examples\Src\Hello03.cbl
File Copy: C:\Program Files (x86)\examples\Src\Hello04.cbl
File Copy: C:\Program Files (x86)\examples\Src\Hello05.cbl
File Copy: C:\Program Files (x86)\examples\Src\Helohelo.cbl
File Copy: C:\Program Files (x86)\examples\Src\Jack01.cbl
File Copy: C:\Program Files (x86)\examples\Src\Jack02.cbl
File Copy: C:\Program Files (x86)\examples\Src\Jack03.cbl
File Copy: C:\Program Files (x86)\examples\Src\Jack04.cbl
File Copy: C:\Program Files (x86)\examples\Src\Jack05.cbl
File Copy: C:\Program Files (x86)\examples\Src\Jack06.cbl
File Copy: C:\Program Files (x86)\examples\Src\Jack07.cbl
File Copy: C:\Program Files (x86)\examples\Src\Menu01.cbl
File Copy: C:\Program Files (x86)\examples\Src\Menu02.cbl
File Copy: C:\Program Files (x86)\examples\Src\Menu03.cbl
File Copy: C:\Program Files (x86)\examples\Src\Minimum.cbl
File Copy: C:\Program Files (x86)\examples\Src\Mult01.cbl
File Copy: C:\Program Files (x86)\examples\Src\Mult02.cbl
File Copy: C:\Program Files (x86)\examples\Src\Mult03.cbl
File Copy: C:\Program Files (x86)\examples\Src\Mult04.cbl
File Copy: C:\Program Files (x86)\examples\Src\Mult05.cbl
File Copy: C:\Program Files (x86)\examples\Src\Mult06.cbl
File Copy: C:\Program Files (x86)\examples\Src\Mult07.cbl
File Copy: C:\Program Files (x86)\examples\Src\Mult08.cbl
File Copy: C:\Program Files (x86)\examples\Src\Newvnd01.cbl
File Copy: C:\Program Files (x86)\examples\Src\Niger03.cbl
File Copy: C:\Program Files (x86)\examples\Src\Niger04.cbl
File Copy: C:\Program Files (x86)\examples\Src\Niger05.cbl
File Copy: C:\Program Files (x86)\examples\Src\Niger06.cbl
File Copy: C:\Program Files (x86)\examples\Src\Nums01.cbl
File Copy: C:\Program Files (x86)\examples\Src\Phnadd01.cbl
File Copy: C:\Program Files (x86)\examples\Src\Phnadd03.cbl
File Copy: C:\Program Files (x86)\examples\Src\Phnbld01.cbl
File Copy: C:\Program Files (x86)\examples\Src\Phnlst01.cbl
File Copy: C:\Program Files (x86)\examples\Src\Phnprt01.cbl
File Copy: C:\Program Files (x86)\examples\Src\Phnprt02.cbl
File Copy: C:\Program Files (x86)\examples\Src\Pldate.cbl
File Copy: C:\Program Files (x86)\examples\Src\Pldate01.cbl
File Copy: C:\Program Files (x86)\examples\Src\Pldate02.cbl
File Copy: C:\Program Files (x86)\examples\Src\Quit01.cbl
File Copy: C:\Program Files (x86)\examples\Src\Range01.cbl
File Copy: C:\Program Files (x86)\examples\Src\Range02.cbl
File Copy: C:\Program Files (x86)\examples\Src\Remex.cbl
File Copy: C:\Program Files (x86)\examples\Src\Sayhello.cbl
File Copy: C:\Program Files (x86)\examples\Src\Sentnces.cbl
File Copy: C:\Program Files (x86)\examples\Src\Shortcut to Src.lnk
File Copy: C:\Program Files (x86)\examples\Src\Slcontrl.cbl
File Copy: C:\Program Files (x86)\examples\Src\Slovnd01.cbl
File Copy: C:\Program Files (x86)\examples\Src\Slsales.cbl
File Copy: C:\Program Files (x86)\examples\Src\Slsgen01.cbl
File Copy: C:\Program Files (x86)\examples\Src\Slsrpt01.cbl
File Copy: C:\Program Files (x86)\examples\Src\Slsrpt03.cbl
File Copy: C:\Program Files (x86)\examples\Src\Slsrpt04.cbl
File Copy: C:\Program Files (x86)\examples\Src\Slsrpt05.cbl
File Copy: C:\Program Files (x86)\examples\Src\Slsrpt06.cbl
File Copy: C:\Program Files (x86)\examples\Src\Slstate.cbl
File Copy: C:\Program Files (x86)\examples\Src\Slvnd01.cbl
File Copy: C:\Program Files (x86)\examples\Src\Slvnd02.cbl
File Copy: C:\Program Files (x86)\examples\Src\Slvouch.cbl
File Copy: C:\Program Files (x86)\examples\Src\Src.txt
File Copy: C:\Program Files (x86)\examples\Src\Stcbld01.cbl
File Copy: C:\Program Files (x86)\examples\Src\Stcmnt01.cbl
File Copy: C:\Program Files (x86)\examples\Src\Stcmnt02.cbl
File Copy: C:\Program Files (x86)\examples\Src\Stcmnt03.cbl
File Copy: C:\Program Files (x86)\examples\Src\Stcmnt04.cbl
File Copy: C:\Program Files (x86)\examples\Src\Stcrpt01.cbl
File Copy: C:\Program Files (x86)\examples\Src\Stcrpt02.cbl
File Copy: C:\Program Files (x86)\examples\Src\Strng.cbl
File Copy: C:\Program Files (x86)\examples\Src\Sttbrp01.cbl
File Copy: C:\Program Files (x86)\examples\Src\Time02.cbl
File Copy: C:\Program Files (x86)\examples\Src\Timedit.cbl
File Copy: C:\Program Files (x86)\examples\Src\Trunc01.cbl
File Copy: C:\Program Files (x86)\examples\Src\Trunc02.cbl
File Copy: C:\Program Files (x86)\examples\Src\Trunc03.cbl
File Copy: C:\Program Files (x86)\examples\Src\Upper.cbl
File Copy: C:\Program Files (x86)\examples\Src\Upper01.cbl
File Copy: C:\Program Files (x86)\examples\Src\Upr.cbl
File Copy: C:\Program Files (x86)\examples\Src\Vchbld01.cbl
File Copy: C:\Program Files (x86)\examples\Src\Vchclr01.cbl
File Copy: C:\Program Files (x86)\examples\Src\Vchmnt01.cbl
File Copy: C:\Program Files (x86)\examples\Src\Vchmnu01.cbl
File Copy: C:\Program Files (x86)\examples\Src\Vchpay01.cbl
File Copy: C:\Program Files (x86)\examples\Src\Vchpic01.cbl
File Copy: C:\Program Files (x86)\examples\Src\Vchsel01.cbl
File Copy: C:\Program Files (x86)\examples\Src\Vnbynm01.cbl
File Copy: C:\Program Files (x86)\examples\Src\Vnbynm02.cbl
File Copy: C:\Program Files (x86)\examples\Src\Vndadd01.cbl
File Copy: C:\Program Files (x86)\examples\Src\Vndbld01.cbl
File Copy: C:\Program Files (x86)\examples\Src\Vndbld02.cbl
File Copy: C:\Program Files (x86)\examples\Src\Vndchg01.cbl
File Copy: C:\Program Files (x86)\examples\Src\Vnddel01.cbl
File Copy: C:\Program Files (x86)\examples\Src\Vnddsp01.cbl
File Copy: C:\Program Files (x86)\examples\Src\Vnderr01.cbl
File Copy: C:\Program Files (x86)\examples\Src\Vnderr02.cbl
File Copy: C:\Program Files (x86)\examples\Src\Vndfix01.cbl
File Copy: C:\Program Files (x86)\examples\Src\Vndinq01.cbl
File Copy: C:\Program Files (x86)\examples\Src\Vndmnt01.cbl
File Copy: C:\Program Files (x86)\examples\Src\Vndmnt02.cbl
File Copy: C:\Program Files (x86)\examples\Src\Vndmnt03.cbl
File Copy: C:\Program Files (x86)\examples\Src\Vndmnt04.cbl
File Copy: C:\Program Files (x86)\examples\Src\Vndmnt06.cbl
File Copy: C:\Program Files (x86)\examples\Src\Vndnew01.cbl
File Copy: C:\Program Files (x86)\examples\Src\Vndnew02.cbl
File Copy: C:\Program Files (x86)\examples\Src\Vndnew03.cbl
File Copy: C:\Program Files (x86)\examples\Src\Vndrec01.cbl
File Copy: C:\Program Files (x86)\examples\Src\Vndrpt01.cbl
File Copy: C:\Program Files (x86)\examples\Src\Vndrpt02.cbl
File Copy: C:\Program Files (x86)\examples\Src\Vndrpt03.cbl
File Copy: C:\Program Files (x86)\examples\Src\Vndrpt04.cbl
File Copy: C:\Program Files (x86)\examples\Src\Vninnm01.cbl
File Copy: C:\Program Files (x86)\examples\Src\Vninnm02.cbl
File Copy: C:\Program Files (x86)\examples\Src\Vninnm03.cbl
File Copy: C:\Program Files (x86)\examples\Src\Wrdsrt01.cbl
File Copy: C:\Program Files (x86)\examples\Src\Wrdsrt02.cbl
File Copy: C:\Program Files (x86)\examples\Src\Wrdsrt03.cbl
File Copy: C:\Program Files (x86)\examples\Src\Wscase01.cbl
File Copy: C:\Program Files (x86)\examples\Src\Wsdate.cbl
File Copy: C:\Program Files (x86)\examples\Src\Wsdate01.cbl
File Copy: C:\Program Files (x86)\examples\Src\Wstime01.cbl
File Copy: C:\Program Files (x86)\examples\Src\Yesno01.cbl
File Copy: C:\Program Files (x86)\examples\Src\Yesno02.cbl
File Copy: C:\Program Files (x86)\examples\Src\Yesno03.cbl
File Copy: C:\Program Files (x86)\examples\Src\Yesno04.cbl
File Copy: C:\Program Files (x86)\examples\Src\Yesno05.cbl
Made Dir: C:\Program Files (x86)\examples\X
File Copy: C:\Program Files (x86)\examples\X\Add03.cbl
File Copy: C:\Program Files (x86)\examples\X\Add08.cbl
File Copy: C:\Program Files (x86)\examples\X\Add09.cbl
File Copy: C:\Program Files (x86)\examples\X\Bad01fix.cbl
File Copy: C:\Program Files (x86)\examples\X\Bad03fix.cbl
File Copy: C:\Program Files (x86)\examples\X\Bilmnu02.cbl
File Copy: C:\Program Files (x86)\examples\X\Ddif.cbl
File Copy: C:\Program Files (x86)\examples\X\Deduct01.cbl
File Copy: C:\Program Files (x86)\examples\X\Eiger01.cbl
File Copy: C:\Program Files (x86)\examples\X\Eiger02.cbl
File Copy: C:\Program Files (x86)\examples\X\Hello06.cbl
File Copy: C:\Program Files (x86)\examples\X\Iam.cbl
File Copy: C:\Program Files (x86)\examples\X\Maybe01.cbl
File Copy: C:\Program Files (x86)\examples\X\Maybe02.cbl
File Copy: C:\Program Files (x86)\examples\X\Msg01.cbl
File Copy: C:\Program Files (x86)\examples\X\Mult09.cbl
File Copy: C:\Program Files (x86)\examples\X\Niger01.cbl
File Copy: C:\Program Files (x86)\examples\X\Niger02.cbl
File Copy: C:\Program Files (x86)\examples\X\Phnadd02.cbl
File Copy: C:\Program Files (x86)\examples\X\Phnlst02.cbl
File Copy: C:\Program Files (x86)\examples\X\Phnprt03.cbl
File Copy: C:\Program Files (x86)\examples\X\Pldate03.cbl
File Copy: C:\Program Files (x86)\examples\X\Pltime01.cbl
File Copy: C:\Program Files (x86)\examples\X\Slsrpt02.cbl
File Copy: C:\Program Files (x86)\examples\X\Slssum01.cbl
File Copy: C:\Program Files (x86)\examples\X\Slstax01.cbl
File Copy: C:\Program Files (x86)\examples\X\Slstax02.cbl
File Copy: C:\Program Files (x86)\examples\X\Stcmnt05.cbl
File Copy: C:\Program Files (x86)\examples\X\Time01.cbl
File Copy: C:\Program Files (x86)\examples\X\Vchpay02.cbl
File Copy: C:\Program Files (x86)\examples\X\Vnddsp02.cbl
File Copy: C:\Program Files (x86)\examples\X\Vnddsp03.cbl
File Copy: C:\Program Files (x86)\examples\X\Vndmnt05.cbl
File Copy: C:\Program Files (x86)\examples\X\Yesorno.cbl
File Copy: C:\Program Files (x86)\examples\X\Yntest01.cbl
